  Engine.cpp
C:\Users\rajsi\Documents\Faks\6. Semestar\Zavrsni\Zavrsni\Project1\Engine.cpp(153,20): warning C4018: '<': signed/unsigned mismatch
  Piece.cpp
  main.cpp
C:\Users\rajsi\Documents\Faks\6. Semestar\Zavrsni\Zavrsni\Project1\BoardImageFactory.h(7,2): warning C4091: 'static ': ignored on left of 'BoardImageFactory' when no variable is declared
C:\Users\rajsi\Documents\Faks\6. Semestar\Zavrsni\Zavrsni\Project1\main.cpp(38,50): warning C4244: 'argument': conversion from 'int' to 'float', possible loss of data
C:\Users\rajsi\Documents\Faks\6. Semestar\Zavrsni\Zavrsni\Project1\main.cpp(38,40): warning C4244: 'argument': conversion from 'int' to 'float', possible loss of data
C:\Users\rajsi\Documents\Faks\6. Semestar\Zavrsni\Zavrsni\Project1\main.cpp(160,20): warning C4018: '<': signed/unsigned mismatch
C:\Users\rajsi\Documents\Faks\6. Semestar\Zavrsni\Zavrsni\Project1\main.cpp(207,67): warning C4244: 'argument': conversion from 'T' to 'T', possible loss of data
          with
          [
              T=int
          ]
          and
          [
              T=float
          ]
C:\Users\rajsi\Documents\Faks\6. Semestar\Zavrsni\Zavrsni\Project1\main.cpp(207,60): warning C4244: 'argument': conversion from 'T' to 'T', possible loss of data
          with
          [
              T=int
          ]
          and
          [
              T=float
          ]
C:\Users\rajsi\Documents\Faks\6. Semestar\Zavrsni\Zavrsni\Project1\main.cpp(219,78): warning C4244: 'argument': conversion from 'int' to 'T', possible loss of data
          with
          [
              T=float
          ]
C:\Users\rajsi\Documents\Faks\6. Semestar\Zavrsni\Zavrsni\Project1\main.cpp(219,68): warning C4244: 'argument': conversion from 'int' to 'T', possible loss of data
          with
          [
              T=float
          ]
C:\Users\rajsi\Documents\Faks\6. Semestar\Zavrsni\Zavrsni\Project1\main.cpp(220,62): warning C4244: 'argument': conversion from 'int' to 'T', possible loss of data
          with
          [
              T=float
          ]
C:\Users\rajsi\Documents\Faks\6. Semestar\Zavrsni\Zavrsni\Project1\main.cpp(220,38): warning C4244: 'argument': conversion from 'int' to 'T', possible loss of data
          with
          [
              T=float
          ]
  Generating Code...
C:\Users\rajsi\Documents\Faks\6. Semestar\Zavrsni\Zavrsni\Project1\Piece.cpp(64): warning C4715: 'Piece::fill_L': not all control paths return a value
  Project1.vcxproj -> C:\Users\rajsi\Documents\Faks\6. Semestar\Zavrsni\Zavrsni\Debug\Project1.exe
